AndroidStudio/CloverCycle/app/build/intermediates/manifest_merge_blame_file/debug/manifest-merger-blame-debug-report.txt
1<?xml version="1.0" encoding="utf-8"?>
2<manifest xmlns:android="http://schemas.android.com/apk/res/android"
3    package="com.example.clovercycle"
4    android:versionCode="1"
5    android:versionName="1.0" >
6
7    <uses-sdk
8        android:minSdkVersion="24"
9        android:targetSdkVersion="34" />
10
11    <uses-permission android:name="android.permission.INTERNET" />
11-->src\main\AndroidManifest.xml:5:5-67
11-->src\main\AndroidManifest.xml:5:22-64
12    <uses-permission android:name="android.permission.ACCESS_COARSE_LOCATION" />
12-->src\main\AndroidManifest.xml:6:5-81
12-->src\main\AndroidManifest.xml:6:22-78
13    <uses-permission android:name="android.permission.ACCESS_FINE_LOCATION" />
13-->src\main\AndroidManifest.xml:7:5-79
13-->src\main\AndroidManifest.xml:7:22-76
14
15    <!-- Include required permissions for Google Maps API to run. -->
16    <uses-permission android:name="android.permission.ACCESS_NETWORK_STATE" />
16-->[com.google.android.gms:play-services-maps:18.2.0] AndroidManifest.xml:23:5-79
16-->[com.google.android.gms:play-services-maps:18.2.0] AndroidManifest.xml:23:22-76
17
18    <queries>
18-->[com.google.android.gms:play-services-maps:18.2.0] AndroidManifest.xml:30:5-34:15
19
20        <!-- Needs to be explicitly declared on Android R+ -->
21        <package android:name="com.google.android.apps.maps" />
21-->[com.google.android.gms:play-services-maps:18.2.0] AndroidManifest.xml:33:9-64
21-->[com.google.android.gms:play-services-maps:18.2.0] AndroidManifest.xml:33:18-61
22    </queries>
23
24    <uses-feature
24-->[com.mapbox.maps:android-core:11.2.1] AndroidManifest.xml:10:5-12:35
25        android:glEsVersion="0x00030000"
25-->[com.mapbox.maps:android-core:11.2.1] AndroidManifest.xml:11:9-41
26        android:required="true" />
26-->[com.mapbox.maps:android-core:11.2.1] AndroidManifest.xml:12:9-32
27    <uses-feature
27-->[com.mapbox.maps:android-core:11.2.1] AndroidManifest.xml:13:5-15:36
28        android:name="android.hardware.wifi"
28-->[com.mapbox.maps:android-core:11.2.1] AndroidManifest.xml:14:9-45
29        android:required="false" />
29-->[com.mapbox.maps:android-core:11.2.1] AndroidManifest.xml:15:9-33
30
31    <uses-permission android:name="android.permission.ACCESS_WIFI_STATE" />
31-->[com.mapbox.maps:android-core:11.2.1] AndroidManifest.xml:19:5-76
31-->[com.mapbox.maps:android-core:11.2.1] AndroidManifest.xml:19:22-73
32
33    <permission
33-->[androidx.core:core:1.10.0] AndroidManifest.xml:22:5-24:47
34        android:name="com.example.clovercycle.DYNAMIC_RECEIVER_NOT_EXPORTED_PERMISSION"
34-->[androidx.core:core:1.10.0] AndroidManifest.xml:23:9-81
35        android:protectionLevel="signature" />
35-->[androidx.core:core:1.10.0] AndroidManifest.xml:24:9-44
36
37    <uses-permission android:name="com.example.clovercycle.DYNAMIC_RECEIVER_NOT_EXPORTED_PERMISSION" />
37-->[androidx.core:core:1.10.0] AndroidManifest.xml:26:5-97
37-->[androidx.core:core:1.10.0] AndroidManifest.xml:26:22-94
38
39    <application
39-->src\main\AndroidManifest.xml:9:5-69:19
40        android:allowBackup="true"
40-->src\main\AndroidManifest.xml:10:9-35
41        android:appComponentFactory="androidx.core.app.CoreComponentFactory"
41-->[androidx.core:core:1.10.0] AndroidManifest.xml:28:18-86
42        android:dataExtractionRules="@xml/data_extraction_rules"
42-->src\main\AndroidManifest.xml:11:9-65
43        android:debuggable="true"
44        android:extractNativeLibs="false"
45        android:fullBackupContent="@xml/backup_rules"
45-->src\main\AndroidManifest.xml:12:9-54
46        android:icon="@mipmap/ic_launcher"
46-->src\main\AndroidManifest.xml:13:9-43
47        android:label="@string/app_name"
47-->src\main\AndroidManifest.xml:14:9-41
48        android:supportsRtl="true"
48-->src\main\AndroidManifest.xml:15:9-35
49        android:testOnly="true"
50        android:theme="@style/Theme.CloverCycle" >
50-->src\main\AndroidManifest.xml:16:9-49
51        <activity
51-->src\main\AndroidManifest.xml:18:9-20:40
52            android:name="com.example.clovercycle.CollectorActivity"
52-->src\main\AndroidManifest.xml:19:13-46
53            android:exported="false" />
53-->src\main\AndroidManifest.xml:20:13-37
54        <activity
54-->src\main\AndroidManifest.xml:21:9-25:56
55            android:name="com.example.clovercycle.PaymentActivity"
55-->src\main\AndroidManifest.xml:22:13-44
56            android:exported="false"
56-->src\main\AndroidManifest.xml:23:13-37
57            android:label="@string/title_activity_payments"
57-->src\main\AndroidManifest.xml:24:13-60
58            android:theme="@style/Theme.CloverCycle" />
58-->src\main\AndroidManifest.xml:25:13-53
59        <!--
60             TODO: Before you run your application, you need a Google Maps API key.
61
62             To get one, follow the directions here:
63
64                https://developers.google.com/maps/documentation/android-sdk/get-api-key
65
66             Once you have your API key (it starts with "AIza"), define a new property in your
67             project's local.properties file (e.g. MAPS_API_KEY=Aiza...), and replace the
68             "YOUR_API_KEY" string in this file with "${MAPS_API_KEY}".
69        -->
70        <meta-data
70-->src\main\AndroidManifest.xml:37:9-39:59
71            android:name="com.mapbox.token"
71-->src\main\AndroidManifest.xml:38:13-44
72            android:value="@string/mapbox_access_token" />
72-->src\main\AndroidManifest.xml:39:13-56
73
74        <activity
74-->src\main\AndroidManifest.xml:41:9-44:59
75            android:name="com.example.clovercycle.MapsActivity"
75-->src\main\AndroidManifest.xml:42:13-41
76            android:exported="false"
76-->src\main\AndroidManifest.xml:43:13-37
77            android:label="@string/title_activity_maps" />
77-->src\main\AndroidManifest.xml:44:13-56
78        <activity
78-->src\main\AndroidManifest.xml:45:9-47:63
79            android:name="com.example.clovercycle.RegisterActivity"
79-->src\main\AndroidManifest.xml:46:13-45
80            android:label="@string/title_activity_register" />
80-->src\main\AndroidManifest.xml:47:13-60
81        <activity
81-->src\main\AndroidManifest.xml:48:9-51:47
82            android:name="com.example.clovercycle.UserJobActivity"
82-->src\main\AndroidManifest.xml:49:13-44
83            android:exported="true"
83-->src\main\AndroidManifest.xml:50:13-36
84            android:label="UserJobActicity" />
84-->src\main\AndroidManifest.xml:51:13-44
85        <activity
85-->src\main\AndroidManifest.xml:52:9-55:40
86            android:name="com.example.clovercycle.ViewJobs"
86-->src\main\AndroidManifest.xml:53:13-37
87            android:exported="true"
87-->src\main\AndroidManifest.xml:54:13-36
88            android:label="ViewJobs" />
88-->src\main\AndroidManifest.xml:55:13-37
89        <activity
89-->src\main\AndroidManifest.xml:56:9-59:54
90            android:name="com.example.clovercycle.PaymentHistoryActivity"
90-->src\main\AndroidManifest.xml:57:13-51
91            android:exported="true"
91-->src\main\AndroidManifest.xml:58:13-36
92            android:label="PaymentHistoryActivity" />
92-->src\main\AndroidManifest.xml:59:13-51
93        <activity
93-->src\main\AndroidManifest.xml:60:9-68:20
94            android:name="com.example.clovercycle.MainActivity"
94-->src\main\AndroidManifest.xml:61:13-41
95            android:exported="true" >
95-->src\main\AndroidManifest.xml:62:13-36
96            <intent-filter>
96-->src\main\AndroidManifest.xml:63:13-67:29
97                <action android:name="android.intent.action.MAIN" />
97-->src\main\AndroidManifest.xml:64:17-69
97-->src\main\AndroidManifest.xml:64:25-66
98
99                <category android:name="android.intent.category.LAUNCHER" />
99-->src\main\AndroidManifest.xml:66:17-77
99-->src\main\AndroidManifest.xml:66:27-74
100            </intent-filter>
101        </activity>
102        <!-- Needs to be explicitly declared on P+ -->
103        <uses-library
103-->[com.google.android.gms:play-services-maps:18.2.0] AndroidManifest.xml:39:9-41:40
104            android:name="org.apache.http.legacy"
104-->[com.google.android.gms:play-services-maps:18.2.0] AndroidManifest.xml:40:13-50
105            android:required="false" />
105-->[com.google.android.gms:play-services-maps:18.2.0] AndroidManifest.xml:41:13-37
106
107        <activity
107-->[com.google.android.gms:play-services-base:18.3.0] AndroidManifest.xml:20:9-22:45
108            android:name="com.google.android.gms.common.api.GoogleApiActivity"
108-->[com.google.android.gms:play-services-base:18.3.0] AndroidManifest.xml:20:19-85
109            android:exported="false"
109-->[com.google.android.gms:play-services-base:18.3.0] AndroidManifest.xml:22:19-43
110            android:theme="@android:style/Theme.Translucent.NoTitleBar" />
110-->[com.google.android.gms:play-services-base:18.3.0] AndroidManifest.xml:21:19-78
111
112        <meta-data
112-->[com.google.android.gms:play-services-basement:18.3.0] AndroidManifest.xml:21:9-23:69
113            android:name="com.google.android.gms.version"
113-->[com.google.android.gms:play-services-basement:18.3.0] AndroidManifest.xml:22:13-58
114            android:value="@integer/google_play_services_version" />
114-->[com.google.android.gms:play-services-basement:18.3.0] AndroidManifest.xml:23:13-66
115
116        <provider
116-->[androidx.emoji2:emoji2:1.4.0] AndroidManifest.xml:24:9-32:20
117            android:name="androidx.startup.InitializationProvider"
117-->[androidx.emoji2:emoji2:1.4.0] AndroidManifest.xml:25:13-67
118            android:authorities="com.example.clovercycle.androidx-startup"
118-->[androidx.emoji2:emoji2:1.4.0] AndroidManifest.xml:26:13-68
119            android:exported="false" >
119-->[androidx.emoji2:emoji2:1.4.0] AndroidManifest.xml:27:13-37
120            <meta-data
120-->[androidx.emoji2:emoji2:1.4.0] AndroidManifest.xml:29:13-31:52
121                android:name="androidx.emoji2.text.EmojiCompatInitializer"
121-->[androidx.emoji2:emoji2:1.4.0] AndroidManifest.xml:30:17-75
122                android:value="androidx.startup" />
122-->[androidx.emoji2:emoji2:1.4.0] AndroidManifest.xml:31:17-49
123            <meta-data
123-->[androidx.lifecycle:lifecycle-process:2.7.0] AndroidManifest.xml:29:13-31:52
124                android:name="androidx.lifecycle.ProcessLifecycleInitializer"
124-->[androidx.lifecycle:lifecycle-process:2.7.0] AndroidManifest.xml:30:17-78
125                android:value="androidx.startup" />
125-->[androidx.lifecycle:lifecycle-process:2.7.0] AndroidManifest.xml:31:17-49
126            <meta-data
126-->[com.mapbox.maps:base:11.2.1] AndroidManifest.xml:14:13-16:52
127                android:name="com.mapbox.maps.MapboxInitializer"
127-->[com.mapbox.maps:base:11.2.1] AndroidManifest.xml:15:17-65
128                android:value="androidx.startup" />
128-->[com.mapbox.maps:base:11.2.1] AndroidManifest.xml:16:17-49
129            <meta-data
129-->[com.mapbox.maps:android-core:11.2.1] AndroidManifest.xml:27:13-29:52
130                android:name="com.mapbox.maps.loader.MapboxMapsInitializer"
130-->[com.mapbox.maps:android-core:11.2.1] AndroidManifest.xml:28:17-76
131                android:value="androidx.startup" /> <!-- This entry makes MapboxSDKCommonInitializer discoverable. -->
131-->[com.mapbox.maps:android-core:11.2.1] AndroidManifest.xml:29:17-49
132            <meta-data
132-->[com.mapbox.common:common:24.2.0] AndroidManifest.xml:19:13-21:52
133                android:name="com.mapbox.common.MapboxSDKCommonInitializer"
133-->[com.mapbox.common:common:24.2.0] AndroidManifest.xml:20:17-76
134                android:value="androidx.startup" />
134-->[com.mapbox.common:common:24.2.0] AndroidManifest.xml:21:17-49
135            <meta-data
135-->[androidx.profileinstaller:profileinstaller:1.3.0] AndroidManifest.xml:29:13-31:52
136                android:name="androidx.profileinstaller.ProfileInstallerInitializer"
136-->[androidx.profileinstaller:profileinstaller:1.3.0] AndroidManifest.xml:30:17-85
137                android:value="androidx.startup" />
137-->[androidx.profileinstaller:profileinstaller:1.3.0] AndroidManifest.xml:31:17-49
138        </provider>
139
140        <uses-library
140-->[androidx.window:window:1.0.0] AndroidManifest.xml:25:9-27:40
141            android:name="androidx.window.extensions"
141-->[androidx.window:window:1.0.0] AndroidManifest.xml:26:13-54
142            android:required="false" />
142-->[androidx.window:window:1.0.0] AndroidManifest.xml:27:13-37
143        <uses-library
143-->[androidx.window:window:1.0.0] AndroidManifest.xml:28:9-30:40
144            android:name="androidx.window.sidecar"
144-->[androidx.window:window:1.0.0] AndroidManifest.xml:29:13-51
145            android:required="false" />
145-->[androidx.window:window:1.0.0] AndroidManifest.xml:30:13-37
146
147        <receiver
147-->[com.mapbox.common:common:24.2.0] AndroidManifest.xml:24:9-31:20
148            android:name="com.mapbox.common.location.LocationUpdatesReceiver"
148-->[com.mapbox.common:common:24.2.0] AndroidManifest.xml:25:13-78
149            android:enabled="true"
149-->[com.mapbox.common:common:24.2.0] AndroidManifest.xml:26:13-35
150            android:exported="false" >
150-->[com.mapbox.common:common:24.2.0] AndroidManifest.xml:27:13-37
151            <intent-filter>
151-->[com.mapbox.common:common:24.2.0] AndroidManifest.xml:28:13-30:29
152                <action android:name="com.mapbox.common.location.LocationUpdatesReceiver.ACTION_PROCESS_LOCATION_UPDATES" />
152-->[com.mapbox.common:common:24.2.0] AndroidManifest.xml:29:17-125
152-->[com.mapbox.common:common:24.2.0] AndroidManifest.xml:29:25-122
153            </intent-filter>
154        </receiver>
155
156        <service
156-->[com.mapbox.common:common:24.2.0] AndroidManifest.xml:33:9-35:40
157            android:name="com.mapbox.common.LifecycleService"
157-->[com.mapbox.common:common:24.2.0] AndroidManifest.xml:34:13-62
158            android:exported="false" />
158-->[com.mapbox.common:common:24.2.0] AndroidManifest.xml:35:13-37
159
160        <receiver
160-->[androidx.profileinstaller:profileinstaller:1.3.0] AndroidManifest.xml:34:9-52:20
161            android:name="androidx.profileinstaller.ProfileInstallReceiver"
161-->[androidx.profileinstaller:profileinstaller:1.3.0] AndroidManifest.xml:35:13-76
162            android:directBootAware="false"
162-->[androidx.profileinstaller:profileinstaller:1.3.0] AndroidManifest.xml:36:13-44
163            android:enabled="true"
163-->[androidx.profileinstaller:profileinstaller:1.3.0] AndroidManifest.xml:37:13-35
164            android:exported="true"
164-->[androidx.profileinstaller:profileinstaller:1.3.0] AndroidManifest.xml:38:13-36
165            android:permission="android.permission.DUMP" >
165-->[androidx.profileinstaller:profileinstaller:1.3.0] AndroidManifest.xml:39:13-57
166            <intent-filter>
166-->[androidx.profileinstaller:profileinstaller:1.3.0] AndroidManifest.xml:40:13-42:29
167                <action android:name="androidx.profileinstaller.action.INSTALL_PROFILE" />
167-->[androidx.profileinstaller:profileinstaller:1.3.0] AndroidManifest.xml:41:17-91
167-->[androidx.profileinstaller:profileinstaller:1.3.0] AndroidManifest.xml:41:25-88
168            </intent-filter>
169            <intent-filter>
169-->[androidx.profileinstaller:profileinstaller:1.3.0] AndroidManifest.xml:43:13-45:29
170                <action android:name="androidx.profileinstaller.action.SKIP_FILE" />
170-->[androidx.profileinstaller:profileinstaller:1.3.0] AndroidManifest.xml:44:17-85
170-->[androidx.profileinstaller:profileinstaller:1.3.0] AndroidManifest.xml:44:25-82
171            </intent-filter>
172            <intent-filter>
172-->[androidx.profileinstaller:profileinstaller:1.3.0] AndroidManifest.xml:46:13-48:29
173                <action android:name="androidx.profileinstaller.action.SAVE_PROFILE" />
173-->[androidx.profileinstaller:profileinstaller:1.3.0] AndroidManifest.xml:47:17-88
173-->[androidx.profileinstaller:profileinstaller:1.3.0] AndroidManifest.xml:47:25-85
174            </intent-filter>
175            <intent-filter>
175-->[androidx.profileinstaller:profileinstaller:1.3.0] AndroidManifest.xml:49:13-51:29
176                <action android:name="androidx.profileinstaller.action.BENCHMARK_OPERATION" />
176-->[androidx.profileinstaller:profileinstaller:1.3.0] AndroidManifest.xml:50:17-95
176-->[androidx.profileinstaller:profileinstaller:1.3.0] AndroidManifest.xml:50:25-92
177            </intent-filter>
178        </receiver>
179    </application>
180
181</manifest>